<?xml version="1.0" encoding="UTF-8"?>
<!-- Generated by org.testng.reporters.JUnitReportReporter -->
<testsuite skipped="0" hostname="IBM286-PBD1Z5V" name="com.mendix.test.LoginScript" tests="7" failures="0" timestamp="30 Nov 2018 19:57:28 GMT" time="48.112" errors="0">
  <testcase name="loginAsLDR" time="10.711" classname="com.mendix.test.LoginScript"/>
  <testcase name="tasKill" time="0.033" classname="com.mendix.test.LoginScript"/>
  <testcase name="openBrowser" time="4.934" classname="com.mendix.test.LoginScript"/>
  <testcase name="loginAsLDR" time="13.585" classname="com.mendix.test.LoginScript"/>
  <testcase name="openBrowser" time="4.538" classname="com.mendix.test.LoginScript"/>
  <testcase name="openBrowser" time="4.086" classname="com.mendix.test.LoginScript"/>
  <testcase name="loginAsGDA" time="10.225" classname="com.mendix.test.LoginScript"/>
</testsuite> <!-- com.mendix.test.LoginScript -->
