<?xml version="1.0" encoding="UTF-8"?>
<!-- Generated by org.testng.reporters.JUnitReportReporter -->
<testsuite skipped="0" hostname="IBM286-PBD1Z5V" name="com.mendix.test.LoginScript" tests="3" failures="0" timestamp="08 Dec 2018 01:03:18 GMT" time="8.855" errors="0">
  <testcase name="tasKill" time="0.029" classname="com.mendix.test.LoginScript"/>
  <testcase name="loginAsLDR" time="5.085" classname="com.mendix.test.LoginScript"/>
  <testcase name="openBrowser" time="3.741" classname="com.mendix.test.LoginScript"/>
</testsuite> <!-- com.mendix.test.LoginScript -->
