<?xml version="1.0" encoding="UTF-8"?>
<!-- Generated by org.testng.reporters.JUnitReportReporter -->
<testsuite skipped="0" hostname="IBM286-PBD1Z5V" name="com.mendix.test.MaterialScript" tests="1" failures="0" timestamp="05 Dec 2018 01:11:17 GMT" time="22.390" errors="0">
  <testcase name="Material_Create_Fill_In_Questionnaire" time="22.390" classname="com.mendix.test.MaterialScript"/>
</testsuite> <!-- com.mendix.test.MaterialScript -->
