<?xml version="1.0" encoding="UTF-8"?>
<!-- Generated by org.testng.reporters.JUnitReportReporter -->
<testsuite skipped="0" hostname="IBM286-PBD1Z5V" name="com.mendix.test.LoginScript" tests="3" failures="0" timestamp="05 Dec 2018 01:11:17 GMT" time="8.562" errors="0">
  <testcase name="openBrowser" time="3.529" classname="com.mendix.test.LoginScript"/>
  <testcase name="loginAsLDR" time="4.983" classname="com.mendix.test.LoginScript"/>
  <testcase name="tasKill" time="0.050" classname="com.mendix.test.LoginScript"/>
</testsuite> <!-- com.mendix.test.LoginScript -->
