<?xml version="1.0" encoding="UTF-8"?>
<!-- Generated by org.testng.reporters.JUnitReportReporter -->
<testsuite skipped="0" hostname="IBM286-PBD1Z5V" name="com.mendix.test.LoginScript" tests="3" failures="0" timestamp="01 Dec 2018 00:37:49 GMT" time="9.642" errors="0">
  <testcase name="openBrowser" time="3.934" classname="com.mendix.test.LoginScript"/>
  <testcase name="loginAsLDR" time="5.614" classname="com.mendix.test.LoginScript"/>
  <testcase name="tasKill" time="0.094" classname="com.mendix.test.LoginScript"/>
</testsuite> <!-- com.mendix.test.LoginScript -->
