<?xml version="1.0" encoding="UTF-8"?>
<!-- Generated by org.testng.reporters.JUnitReportReporter -->
<testsuite skipped="0" hostname="IBM286-PBD1Z5V" name="com.mendix.test.LoginScript" tests="7" failures="0" timestamp="05 Dec 2018 22:56:55 GMT" time="24.464" errors="0">
  <testcase name="tasKill" time="0.031" classname="com.mendix.test.LoginScript"/>
  <testcase name="openBrowser" time="3.597" classname="com.mendix.test.LoginScript"/>
  <testcase name="openBrowser" time="2.669" classname="com.mendix.test.LoginScript"/>
  <testcase name="openBrowser" time="2.591" classname="com.mendix.test.LoginScript"/>
  <testcase name="loginAsGDA" time="5.011" classname="com.mendix.test.LoginScript"/>
  <testcase name="loginAsLDR" time="5.279" classname="com.mendix.test.LoginScript"/>
  <testcase name="loginAsLDR" time="5.286" classname="com.mendix.test.LoginScript"/>
</testsuite> <!-- com.mendix.test.LoginScript -->
