<?xml version="1.0" encoding="UTF-8"?>
<!-- Generated by org.testng.reporters.JUnitReportReporter -->
<testsuite skipped="0" hostname="IBM286-PBD1Z5V" name="com.mendix.test.MaterialScript" tests="1" failures="0" timestamp="01 Dec 2018 00:37:49 GMT" time="112.929" errors="0">
  <testcase name="Material_Create_Fill_In_Questionnaire" time="112.929" classname="com.mendix.test.MaterialScript"/>
</testsuite> <!-- com.mendix.test.MaterialScript -->
