<?xml version="1.0" encoding="UTF-8"?>
<!-- Generated by org.testng.reporters.JUnitReportReporter -->
<testsuite skipped="0" hostname="IBM286-PBD1Z5V" name="com.mendix.test.MaterialScript" tests="1" failures="0" timestamp="08 Dec 2018 01:03:18 GMT" time="16.357" errors="0">
  <testcase name="Material_Create_Fill_In_Questionnaire" time="16.357" classname="com.mendix.test.MaterialScript"/>
</testsuite> <!-- com.mendix.test.MaterialScript -->
