<?xml version="1.0" encoding="UTF-8"?>
<!-- Generated by org.testng.reporters.JUnitReportReporter -->
<testsuite skipped="0" hostname="IBM286-PBD1Z5V" name="com.mendix.test.LoginScript" tests="7" failures="0" timestamp="30 Nov 2018 21:02:25 GMT" time="53.302" errors="0">
  <testcase name="tasKill" time="0.031" classname="com.mendix.test.LoginScript"/>
  <testcase name="loginAsGDA" time="11.832" classname="com.mendix.test.LoginScript"/>
  <testcase name="openBrowser" time="4.045" classname="com.mendix.test.LoginScript"/>
  <testcase name="loginAsLDR" time="15.010" classname="com.mendix.test.LoginScript"/>
  <testcase name="openBrowser" time="3.979" classname="com.mendix.test.LoginScript"/>
  <testcase name="openBrowser" time="3.599" classname="com.mendix.test.LoginScript"/>
  <testcase name="loginAsLDR" time="14.806" classname="com.mendix.test.LoginScript"/>
</testsuite> <!-- com.mendix.test.LoginScript -->
